<?xml version="1.0" encoding="UTF-8"?>
<!-- Generated by org.testng.reporters.JUnitXMLReporter -->
<testsuite ignored="11" hostname="DESKTOP-2JU2A1F" failures="0" tests="2" name="Default test" time="195.614" errors="0" timestamp="2023-08-24T02:19:16 IST">
  <testcase classname="KION.StoreFronSmoke" name="login" time="39.332"/>
  <testcase classname="KION.StoreFronSmoke" name="TruckSales" time="147.955"/>
  <testcase classname="KION.StoreFronSmoke" name="EmergencyOrder" time="0.0">
    <ignored/>
  </testcase> <!-- EmergencyOrder -->
  <testcase classname="KION.StoreFronSmoke" name="Search" time="0.0">
    <ignored/>
  </testcase> <!-- Search -->
  <testcase classname="KION.StoreFronSmoke" name="Returns" time="0.0">
    <ignored/>
  </testcase> <!-- Returns -->
  <testcase classname="KION.StoreFronSmoke" name="Compare" time="0.0">
    <ignored/>
  </testcase> <!-- Compare -->
  <testcase classname="KION.StoreFronSmoke" name="StockOrder" time="0.0">
    <ignored/>
  </testcase> <!-- StockOrder -->
  <testcase classname="KION.StoreFronSmoke" name="CLP_PLP" time="0.0">
    <ignored/>
  </testcase> <!-- CLP_PLP -->
  <testcase classname="KION.StoreFronSmoke" name="Saved_EmergencyOrder" time="0.0">
    <ignored/>
  </testcase> <!-- Saved_EmergencyOrder -->
  <testcase classname="KION.StoreFronSmoke" name="ICM" time="0.0">
    <ignored/>
  </testcase> <!-- ICM -->
  <testcase classname="KION.StoreFronSmoke" name="OrderTemplate" time="0.0">
    <ignored/>
  </testcase> <!-- OrderTemplate -->
  <testcase classname="KION.StoreFronSmoke" name="Saved_StockOrder" time="0.0">
    <ignored/>
  </testcase> <!-- Saved_StockOrder -->
  <testcase classname="KION.StoreFronSmoke" name="PDP" time="0.0">
    <ignored/>
  </testcase> <!-- PDP -->
</testsuite> <!-- Default test -->
