<?xml version="1.0" encoding="UTF-8"?>
<!-- Generated by org.testng.reporters.JUnitXMLReporter -->
<testsuite ignored="13" hostname="DESKTOP-2JU2A1F" failures="0" tests="3" name="Default test" time="1099.917" errors="0" timestamp="2023-08-27T09:45:51 IST">
  <testcase classname="KION.StoreFronSmoke" name="login" time="48.894"/>
  <testcase classname="KION.StoreFronSmoke" name="TruckTransfer" time="0.003"/>
  <testcase classname="KION.StoreFronSmoke" name="WarrantyManagement" time="1041.429"/>
  <testcase classname="KION.StoreFronSmoke" name="Saved_StockOrder" time="0.0">
    <ignored/>
  </testcase> <!-- Saved_StockOrder -->
  <testcase classname="KION.StoreFronSmoke" name="Returns" time="0.0">
    <ignored/>
  </testcase> <!-- Returns -->
  <testcase classname="KION.StoreFronSmoke" name="InstallationReport" time="0.0">
    <ignored/>
  </testcase> <!-- InstallationReport -->
  <testcase classname="KION.StoreFronSmoke" name="CLP_PLP" time="0.0">
    <ignored/>
  </testcase> <!-- CLP_PLP -->
  <testcase classname="KION.StoreFronSmoke" name="OrderTemplate" time="0.0">
    <ignored/>
  </testcase> <!-- OrderTemplate -->
  <testcase classname="KION.StoreFronSmoke" name="EmergencyOrder" time="0.0">
    <ignored/>
  </testcase> <!-- EmergencyOrder -->
  <testcase classname="KION.StoreFronSmoke" name="Compare" time="0.0">
    <ignored/>
  </testcase> <!-- Compare -->
  <testcase classname="KION.StoreFronSmoke" name="Saved_EmergencyOrder" time="0.0">
    <ignored/>
  </testcase> <!-- Saved_EmergencyOrder -->
  <testcase classname="KION.StoreFronSmoke" name="Search" time="0.0">
    <ignored/>
  </testcase> <!-- Search -->
  <testcase classname="KION.StoreFronSmoke" name="TruckSales" time="0.0">
    <ignored/>
  </testcase> <!-- TruckSales -->
  <testcase classname="KION.StoreFronSmoke" name="PDP" time="0.0">
    <ignored/>
  </testcase> <!-- PDP -->
  <testcase classname="KION.StoreFronSmoke" name="TruckSearch" time="0.0">
    <ignored/>
  </testcase> <!-- TruckSearch -->
  <testcase classname="KION.StoreFronSmoke" name="StockOrder" time="0.0">
    <ignored/>
  </testcase> <!-- StockOrder -->
</testsuite> <!-- Default test -->
