<?xml version="1.0" encoding="UTF-8"?>
<testng-results ignored="13" total="16" passed="3" failed="0" skipped="0">
  <reporter-output>
  </reporter-output>
  <suite started-at="2023-08-27T09:27:31 IST" name="Default suite" finished-at="2023-08-27T09:45:51 IST" duration-ms="1099917">
    <groups>
    </groups>
    <test started-at="2023-08-27T09:27:31 IST" name="Default test" finished-at="2023-08-27T09:45:51 IST" duration-ms="1099917">
      <class name="KION.StoreFronSmoke">
        <test-method is-config="true" signature="beforeSuite()[pri:0, instance:KION.StoreFronSmoke@443118b0]" started-at="2023-08-27T09:27:31 IST" name="beforeSuite" finished-at="2023-08-27T09:27:31 IST" duration-ms="14" status="PASS">
          <reporter-output>
          </reporter-output>
        </test-method> <!-- beforeSuite -->
        <test-method is-config="true" signature="beforeTest()[pri:0, instance:KION.StoreFronSmoke@443118b0]" started-at="2023-08-27T09:27:31 IST" name="beforeTest" finished-at="2023-08-27T09:27:31 IST" duration-ms="2" status="PASS">
          <reporter-output>
          </reporter-output>
        </test-method> <!-- beforeTest -->
        <test-method is-config="true" signature="beforeClass()[pri:0, instance:KION.StoreFronSmoke@443118b0]" started-at="2023-08-27T09:27:31 IST" name="beforeClass" finished-at="2023-08-27T09:27:40 IST" duration-ms="9469" status="PASS">
          <reporter-output>
          </reporter-output>
        </test-method> <!-- beforeClass -->
        <test-method signature="login()[pri:1, instance:KION.StoreFronSmoke@443118b0]" started-at="2023-08-27T09:27:41 IST" name="login" finished-at="2023-08-27T09:28:29 IST" duration-ms="48894" status="PASS">
          <reporter-output>
          </reporter-output>
        </test-method> <!-- login -->
        <test-method signature="TruckTransfer()[pri:13, instance:KION.StoreFronSmoke@443118b0]" started-at="2023-08-27T09:28:29 IST" name="TruckTransfer" finished-at="2023-08-27T09:28:29 IST" depends-on-methods="KION.StoreFronSmoke.login" duration-ms="3" status="PASS">
          <reporter-output>
          </reporter-output>
        </test-method> <!-- TruckTransfer -->
        <test-method signature="WarrantyManagement()[pri:16, instance:KION.StoreFronSmoke@443118b0]" started-at="2023-08-27T09:28:29 IST" name="WarrantyManagement" finished-at="2023-08-27T09:45:51 IST" duration-ms="1041429" status="PASS">
          <reporter-output>
          </reporter-output>
        </test-method> <!-- WarrantyManagement -->
        <test-method is-config="true" signature="afterClass()[pri:0, instance:KION.StoreFronSmoke@443118b0]" started-at="2023-08-27T09:45:51 IST" name="afterClass" finished-at="2023-08-27T09:45:51 IST" duration-ms="1" status="PASS">
          <reporter-output>
          </reporter-output>
        </test-method> <!-- afterClass -->
        <test-method is-config="true" signature="afterTest()[pri:0, instance:KION.StoreFronSmoke@443118b0]" started-at="2023-08-27T09:45:51 IST" name="afterTest" finished-at="2023-08-27T09:45:51 IST" duration-ms="2" status="PASS">
          <reporter-output>
          </reporter-output>
        </test-method> <!-- afterTest -->
        <test-method is-config="true" signature="afterSuite()[pri:0, instance:KION.StoreFronSmoke@443118b0]" started-at="2023-08-27T09:45:51 IST" name="afterSuite" finished-at="2023-08-27T09:45:51 IST" duration-ms="1" status="PASS">
          <reporter-output>
          </reporter-output>
        </test-method> <!-- afterSuite -->
      </class> <!-- KION.StoreFronSmoke -->
    </test> <!-- Default test -->
  </suite> <!-- Default suite -->
</testng-results>
