<?xml version="1.0" encoding="UTF-8"?>
<testng-results ignored="11" total="13" passed="2" failed="0" skipped="0">
  <reporter-output>
  </reporter-output>
  <suite started-at="2023-08-24T02:16:01 IST" name="Default suite" finished-at="2023-08-24T02:19:16 IST" duration-ms="195614">
    <groups>
    </groups>
    <test started-at="2023-08-24T02:16:01 IST" name="Default test" finished-at="2023-08-24T02:19:16 IST" duration-ms="195614">
      <class name="KION.StoreFronSmoke">
        <test-method is-config="true" signature="beforeSuite()[pri:0, instance:KION.StoreFronSmoke@515c6049]" started-at="2023-08-24T02:16:01 IST" name="beforeSuite" finished-at="2023-08-24T02:16:01 IST" duration-ms="20" status="PASS">
          <reporter-output>
          </reporter-output>
        </test-method> <!-- beforeSuite -->
        <test-method is-config="true" signature="beforeTest()[pri:0, instance:KION.StoreFronSmoke@515c6049]" started-at="2023-08-24T02:16:01 IST" name="beforeTest" finished-at="2023-08-24T02:16:01 IST" duration-ms="3" status="PASS">
          <reporter-output>
          </reporter-output>
        </test-method> <!-- beforeTest -->
        <test-method is-config="true" signature="beforeClass()[pri:0, instance:KION.StoreFronSmoke@515c6049]" started-at="2023-08-24T02:16:01 IST" name="beforeClass" finished-at="2023-08-24T02:16:09 IST" duration-ms="8225" status="PASS">
          <reporter-output>
          </reporter-output>
        </test-method> <!-- beforeClass -->
        <test-method signature="login()[pri:1, instance:KION.StoreFronSmoke@515c6049]" started-at="2023-08-24T02:16:09 IST" name="login" finished-at="2023-08-24T02:16:48 IST" duration-ms="39332" status="PASS">
          <reporter-output>
          </reporter-output>
        </test-method> <!-- login -->
        <test-method signature="TruckSales()[pri:11, instance:KION.StoreFronSmoke@515c6049]" started-at="2023-08-24T02:16:48 IST" name="TruckSales" finished-at="2023-08-24T02:19:16 IST" duration-ms="147955" status="PASS">
          <reporter-output>
          </reporter-output>
        </test-method> <!-- TruckSales -->
        <test-method is-config="true" signature="afterClass()[pri:0, instance:KION.StoreFronSmoke@515c6049]" started-at="2023-08-24T02:19:16 IST" name="afterClass" finished-at="2023-08-24T02:19:16 IST" duration-ms="1" status="PASS">
          <reporter-output>
          </reporter-output>
        </test-method> <!-- afterClass -->
        <test-method is-config="true" signature="afterTest()[pri:0, instance:KION.StoreFronSmoke@515c6049]" started-at="2023-08-24T02:19:16 IST" name="afterTest" finished-at="2023-08-24T02:19:16 IST" duration-ms="1" status="PASS">
          <reporter-output>
          </reporter-output>
        </test-method> <!-- afterTest -->
        <test-method is-config="true" signature="afterSuite()[pri:0, instance:KION.StoreFronSmoke@515c6049]" started-at="2023-08-24T02:19:17 IST" name="afterSuite" finished-at="2023-08-24T02:19:17 IST" duration-ms="0" status="PASS">
          <reporter-output>
          </reporter-output>
        </test-method> <!-- afterSuite -->
      </class> <!-- KION.StoreFronSmoke -->
    </test> <!-- Default test -->
  </suite> <!-- Default suite -->
</testng-results>
